<?xml version="1.0" encoding="UTF-8"?>
<!-- Generated by org.testng.reporters.JUnitXMLReporter -->
<testsuite ignored="0" hostname="MacBook-Air-de-EDGAR.local" failures="0" tests="10" name="Surefire test" time="25.734" errors="0" timestamp="2026-01-23T11:56:29 CST">
  <testcase classname="Selenium.TestSelenium" name="ingresarTexto" time="2.557"/>
  <testcase classname="Selenium.TestSelenium" name="testBrowser" time="0.521"/>
  <testcase classname="Selenium.TestSelenium" name="testExceptions" time="0.57"/>
  <testcase classname="Selenium.TestSelenium" name="testXPath" time="0.88"/>
  <testcase classname="Selenium.TestSeleniumII" name="testAssertion" time="0.886"/>
  <testcase classname="Selenium.TestSeleniumII" name="testExplicito" time="0.624"/>
  <testcase classname="Selenium.TestSeleniumII" name="testIFrame" time="1.095"/>
  <testcase classname="Selenium.TestSeleniumII" name="testImplicito" time="0.487"/>
  <testcase classname="Selenium.TestSeleniumII" name="windowAlert" time="1.945"/>
  <testcase classname="Selenium.TestSeleniumII" name="windowPestaña" time="1.573"/>
</testsuite> <!-- Surefire test -->
