<?xml version="1.0" encoding="UTF-8"?>
<!-- Generated by org.testng.reporters.JUnitXMLReporter -->
<testsuite ignored="0" hostname="MacBook-Air-de-EDGAR.local" failures="0" tests="10" name="Surefire test" time="0.295" errors="0" timestamp="2026-01-22T21:34:38 CST">
  <testcase classname="Selenium.TestSelenium" name="@BeforeMethod loadDriver" time="0.262">
    <failure type="org.openqa.selenium.SessionNotCreatedException" message="Could not start a new session. Possible causes are invalid address of the remote server or browser start-up failure. null 
Host info: host: &amp;apos;MacBook-Air-de-EDGAR.local&amp;apos;, ip: &amp;apos;fe80:0:0:0:453:d82e:be6:38ff%en0&amp;apos;
Build info: version: &amp;apos;4.39.0&amp;apos;, revision: &amp;apos;126f156aee&amp;apos;
System info: os.name: &amp;apos;Mac OS X&amp;apos;, os.arch: &amp;apos;aarch64&amp;apos;, os.version: &amp;apos;26.2&amp;apos;, java.version: &amp;apos;25.0.1&amp;apos;
Driver info: org.openqa.selenium.remote.RemoteWebDriver
Command: [null, newSession {capabilities=[Capabilities {browserName: chrome, goog:chromeOptions: {args: [--headless, --no-sandbox, --disable-dev-shm-usage], extensions: []}}]}]
Capabilities {browserName: chrome, goog:chromeOptions: {args: [--headless, --no-sandbox, --disable-dev-shm-usage], extensions: []}}">
      <![CDATA[org.openqa.selenium.SessionNotCreatedException: Could not start a new session. Possible causes are invalid address of the remote server or browser start-up failure. null 
Host info: host: 'MacBook-Air-de-EDGAR.local', ip: 'fe80:0:0:0:453:d82e:be6:38ff%en0'
Build info: version: '4.39.0', revision: '126f156aee'
System info: os.name: 'Mac OS X', os.arch: 'aarch64', os.version: '26.2', java.version: '25.0.1'
Driver info: org.openqa.selenium.remote.RemoteWebDriver
Command: [null, newSession {capabilities=[Capabilities {browserName: chrome, goog:chromeOptions: {args: [--headless, --no-sandbox, --disable-dev-shm-usage], extensions: []}}]}]
Capabilities {browserName: chrome, goog:chromeOptions: {args: [--headless, --no-sandbox, --disable-dev-shm-usage], extensions: []}}
at org.openqa.selenium.remote.RemoteWebDriver.execute(RemoteWebDriver.java:582)
at org.openqa.selenium.remote.RemoteWebDriver.startSession(RemoteWebDriver.java:250)
at org.openqa.selenium.remote.RemoteWebDriver.<init>(RemoteWebDriver.java:178)
at org.openqa.selenium.remote.RemoteWebDriver.<init>(RemoteWebDriver.java:156)
at Selenium.TestSelenium.loadDriver(TestSelenium.java:44)
at java.base/java.util.ArrayList.forEach(ArrayList.java:1604)
Caused by: java.io.UncheckedIOException: java.net.ConnectException
at org.openqa.selenium.remote.http.jdk.JdkHttpClient.execute0(JdkHttpClient.java:503)
at org.openqa.selenium.remote.http.AddSeleniumUserAgent.lambda$apply$0(AddSeleniumUserAgent.java:44)
at org.openqa.selenium.remote.http.Filter.lambda$andFinally$1(Filter.java:55)
at org.openqa.selenium.remote.http.jdk.JdkHttpClient.lambda$executeAsync$2(JdkHttpClient.java:388)
at java.base/java.util.concurrent.Executors$RunnableAdapter.call(Executors.java:545)
at java.base/java.util.concurrent.FutureTask.run(FutureTask.java:328)
at java.base/java.util.concurrent.ThreadPoolExecutor.runWorker(ThreadPoolExecutor.java:1090)
at java.base/java.util.concurrent.ThreadPoolExecutor$Worker.run(ThreadPoolExecutor.java:614)
at java.base/java.lang.Thread.run(Thread.java:1474)
Caused by: java.net.ConnectException
at java.net.http/jdk.internal.net.http.HttpClientImpl.send(HttpClientImpl.java:923)
at java.net.http/jdk.internal.net.http.HttpClientFacade.send(HttpClientFacade.java:133)
at org.openqa.selenium.remote.http.jdk.JdkHttpClient.execute0(JdkHttpClient.java:462)
... 8 more
Caused by: java.net.ConnectException
at java.net.http/jdk.internal.net.http.common.Utils.toConnectException(Utils.java:1070)
at java.net.http/jdk.internal.net.http.PlainHttpConnection.connectAsync(PlainHttpConnection.java:223)
at java.net.http/jdk.internal.net.http.Http1Exchange.sendHeadersAsync(Http1Exchange.java:313)
at java.net.http/jdk.internal.net.http.Exchange.lambda$responseAsyncImpl$0(Exchange.java:570)
at java.net.http/jdk.internal.net.http.Exchange.checkFor407(Exchange.java:419)
at java.net.http/jdk.internal.net.http.Exchange.lambda$responseAsyncImpl$2(Exchange.java:574)
at java.base/java.util.concurrent.CompletableFuture.uniHandle(CompletableFuture.java:955)
at java.base/java.util.concurrent.CompletableFuture.uniHandleStage(CompletableFuture.java:971)
at java.base/java.util.concurrent.CompletableFuture.handle(CompletableFuture.java:2399)
at java.net.http/jdk.internal.net.http.Exchange.responseAsyncImpl(Exchange.java:574)
at java.net.http/jdk.internal.net.http.Exchange.responseAsync(Exchange.java:396)
at java.net.http/jdk.internal.net.http.MultiExchange.responseAsyncImpl(MultiExchange.java:438)
at java.net.http/jdk.internal.net.http.MultiExchange.lambda$responseAsyncImpl$2(MultiExchange.java:482)
at java.base/java.util.concurrent.CompletableFuture.uniHandle(CompletableFuture.java:955)
at java.base/java.util.concurrent.CompletableFuture.uniHandleStage(CompletableFuture.java:971)
at java.base/java.util.concurrent.CompletableFuture.handle(CompletableFuture.java:2399)
at java.net.http/jdk.internal.net.http.MultiExchange.responseAsyncImpl(MultiExchange.java:472)
at java.net.http/jdk.internal.net.http.MultiExchange.lambda$responseAsync0$0(MultiExchange.java:358)
at java.base/java.util.concurrent.CompletableFuture$UniCompose.tryFire(CompletableFuture.java:1171)
at java.base/java.util.concurrent.CompletableFuture.postComplete(CompletableFuture.java:531)
at java.base/java.util.concurrent.CompletableFuture$AsyncSupply.run(CompletableFuture.java:1794)
at java.net.http/jdk.internal.net.http.HttpClientImpl$DelegatingExecutor.execute(HttpClientImpl.java:168)
at java.base/java.util.concurrent.CompletableFuture.completeAsync(CompletableFuture.java:2761)
at java.net.http/jdk.internal.net.http.MultiExchange.responseAsync(MultiExchange.java:311)
at java.net.http/jdk.internal.net.http.HttpClientImpl.sendAsync(HttpClientImpl.java:1015)
at java.net.http/jdk.internal.net.http.HttpClientImpl.send(HttpClientImpl.java:901)
... 10 more
Caused by: java.nio.channels.UnresolvedAddressException
at java.base/sun.nio.ch.Net.checkAddress(Net.java:144)
at java.base/sun.nio.ch.Net.checkAddress(Net.java:152)
at java.base/sun.nio.ch.SocketChannelImpl.checkRemote(SocketChannelImpl.java:918)
at java.base/sun.nio.ch.SocketChannelImpl.connect(SocketChannelImpl.java:936)
at java.net.http/jdk.internal.net.http.PlainHttpConnection.connectAsync(PlainHttpConnection.java:211)
... 34 more
... Removed 34 stack frames]]>
    </failure>
  </testcase> <!-- @BeforeMethod loadDriver -->
  <testcase classname="Selenium.TestSelenium" name="@AfterMethod closeBrowser" time="0.0">
    <skipped/>
  </testcase> <!-- @AfterMethod closeBrowser -->
  <testcase classname="Selenium.TestSelenium" name="@BeforeMethod loadDriver" time="0.0">
    <skipped/>
  </testcase> <!-- @BeforeMethod loadDriver -->
  <testcase classname="Selenium.TestSelenium" name="@AfterMethod closeBrowser" time="0.0">
    <skipped/>
  </testcase> <!-- @AfterMethod closeBrowser -->
  <testcase classname="Selenium.TestSelenium" name="@BeforeMethod loadDriver" time="0.0">
    <skipped/>
  </testcase> <!-- @BeforeMethod loadDriver -->
  <testcase classname="Selenium.TestSelenium" name="@AfterMethod closeBrowser" time="0.0">
    <skipped/>
  </testcase> <!-- @AfterMethod closeBrowser -->
  <testcase classname="Selenium.TestSelenium" name="@BeforeMethod loadDriver" time="0.0">
    <skipped/>
  </testcase> <!-- @BeforeMethod loadDriver -->
  <testcase classname="Selenium.TestSelenium" name="@AfterMethod closeBrowser" time="0.0">
    <skipped/>
  </testcase> <!-- @AfterMethod closeBrowser -->
  <testcase classname="Selenium.TestSeleniumII" name="@BeforeMethod loadDriver" time="0.005">
    <failure type="org.openqa.selenium.SessionNotCreatedException" message="Could not start a new session. Possible causes are invalid address of the remote server or browser start-up failure. null 
Host info: host: &amp;apos;MacBook-Air-de-EDGAR.local&amp;apos;, ip: &amp;apos;fe80:0:0:0:453:d82e:be6:38ff%en0&amp;apos;
Build info: version: &amp;apos;4.39.0&amp;apos;, revision: &amp;apos;126f156aee&amp;apos;
System info: os.name: &amp;apos;Mac OS X&amp;apos;, os.arch: &amp;apos;aarch64&amp;apos;, os.version: &amp;apos;26.2&amp;apos;, java.version: &amp;apos;25.0.1&amp;apos;
Driver info: org.openqa.selenium.remote.RemoteWebDriver
Command: [null, newSession {capabilities=[Capabilities {browserName: chrome, goog:chromeOptions: {args: [--headless, --no-sandbox, --disable-dev-shm-usage], extensions: []}}]}]
Capabilities {browserName: chrome, goog:chromeOptions: {args: [--headless, --no-sandbox, --disable-dev-shm-usage], extensions: []}}">
      <![CDATA[org.openqa.selenium.SessionNotCreatedException: Could not start a new session. Possible causes are invalid address of the remote server or browser start-up failure. null 
Host info: host: 'MacBook-Air-de-EDGAR.local', ip: 'fe80:0:0:0:453:d82e:be6:38ff%en0'
Build info: version: '4.39.0', revision: '126f156aee'
System info: os.name: 'Mac OS X', os.arch: 'aarch64', os.version: '26.2', java.version: '25.0.1'
Driver info: org.openqa.selenium.remote.RemoteWebDriver
Command: [null, newSession {capabilities=[Capabilities {browserName: chrome, goog:chromeOptions: {args: [--headless, --no-sandbox, --disable-dev-shm-usage], extensions: []}}]}]
Capabilities {browserName: chrome, goog:chromeOptions: {args: [--headless, --no-sandbox, --disable-dev-shm-usage], extensions: []}}
at org.openqa.selenium.remote.RemoteWebDriver.execute(RemoteWebDriver.java:582)
at org.openqa.selenium.remote.RemoteWebDriver.startSession(RemoteWebDriver.java:250)
at org.openqa.selenium.remote.RemoteWebDriver.<init>(RemoteWebDriver.java:178)
at org.openqa.selenium.remote.RemoteWebDriver.<init>(RemoteWebDriver.java:156)
at Selenium.TestSeleniumII.loadDriver(TestSeleniumII.java:38)
at java.base/java.util.ArrayList.forEach(ArrayList.java:1604)
Caused by: java.io.UncheckedIOException: java.net.ConnectException
at org.openqa.selenium.remote.http.jdk.JdkHttpClient.execute0(JdkHttpClient.java:503)
at org.openqa.selenium.remote.http.AddSeleniumUserAgent.lambda$apply$0(AddSeleniumUserAgent.java:44)
at org.openqa.selenium.remote.http.Filter.lambda$andFinally$1(Filter.java:55)
at org.openqa.selenium.remote.http.jdk.JdkHttpClient.lambda$executeAsync$2(JdkHttpClient.java:388)
at java.base/java.util.concurrent.Executors$RunnableAdapter.call(Executors.java:545)
at java.base/java.util.concurrent.FutureTask.run(FutureTask.java:328)
at java.base/java.util.concurrent.ThreadPoolExecutor.runWorker(ThreadPoolExecutor.java:1090)
at java.base/java.util.concurrent.ThreadPoolExecutor$Worker.run(ThreadPoolExecutor.java:614)
at java.base/java.lang.Thread.run(Thread.java:1474)
Caused by: java.net.ConnectException
at java.net.http/jdk.internal.net.http.HttpClientImpl.send(HttpClientImpl.java:923)
at java.net.http/jdk.internal.net.http.HttpClientFacade.send(HttpClientFacade.java:133)
at org.openqa.selenium.remote.http.jdk.JdkHttpClient.execute0(JdkHttpClient.java:462)
... 8 more
Caused by: java.net.ConnectException
at java.net.http/jdk.internal.net.http.common.Utils.toConnectException(Utils.java:1070)
at java.net.http/jdk.internal.net.http.PlainHttpConnection.connectAsync(PlainHttpConnection.java:223)
at java.net.http/jdk.internal.net.http.Http1Exchange.sendHeadersAsync(Http1Exchange.java:313)
at java.net.http/jdk.internal.net.http.Exchange.lambda$responseAsyncImpl$0(Exchange.java:570)
at java.net.http/jdk.internal.net.http.Exchange.checkFor407(Exchange.java:419)
at java.net.http/jdk.internal.net.http.Exchange.lambda$responseAsyncImpl$2(Exchange.java:574)
at java.base/java.util.concurrent.CompletableFuture.uniHandle(CompletableFuture.java:955)
at java.base/java.util.concurrent.CompletableFuture.uniHandleStage(CompletableFuture.java:971)
at java.base/java.util.concurrent.CompletableFuture.handle(CompletableFuture.java:2399)
at java.net.http/jdk.internal.net.http.Exchange.responseAsyncImpl(Exchange.java:574)
at java.net.http/jdk.internal.net.http.Exchange.responseAsync(Exchange.java:396)
at java.net.http/jdk.internal.net.http.MultiExchange.responseAsyncImpl(MultiExchange.java:438)
at java.net.http/jdk.internal.net.http.MultiExchange.lambda$responseAsyncImpl$2(MultiExchange.java:482)
at java.base/java.util.concurrent.CompletableFuture.uniHandle(CompletableFuture.java:955)
at java.base/java.util.concurrent.CompletableFuture.uniHandleStage(CompletableFuture.java:971)
at java.base/java.util.concurrent.CompletableFuture.handle(CompletableFuture.java:2399)
at java.net.http/jdk.internal.net.http.MultiExchange.responseAsyncImpl(MultiExchange.java:472)
at java.net.http/jdk.internal.net.http.MultiExchange.lambda$responseAsync0$0(MultiExchange.java:358)
at java.base/java.util.concurrent.CompletableFuture$UniCompose.tryFire(CompletableFuture.java:1171)
at java.base/java.util.concurrent.CompletableFuture.postComplete(CompletableFuture.java:531)
at java.base/java.util.concurrent.CompletableFuture$AsyncSupply.run(CompletableFuture.java:1794)
at java.net.http/jdk.internal.net.http.HttpClientImpl$DelegatingExecutor.execute(HttpClientImpl.java:168)
at java.base/java.util.concurrent.CompletableFuture.completeAsync(CompletableFuture.java:2761)
at java.net.http/jdk.internal.net.http.MultiExchange.responseAsync(MultiExchange.java:311)
at java.net.http/jdk.internal.net.http.HttpClientImpl.sendAsync(HttpClientImpl.java:1015)
at java.net.http/jdk.internal.net.http.HttpClientImpl.send(HttpClientImpl.java:901)
... 10 more
Caused by: java.nio.channels.UnresolvedAddressException
at java.base/sun.nio.ch.Net.checkAddress(Net.java:144)
at java.base/sun.nio.ch.Net.checkAddress(Net.java:152)
at java.base/sun.nio.ch.SocketChannelImpl.checkRemote(SocketChannelImpl.java:918)
at java.base/sun.nio.ch.SocketChannelImpl.connect(SocketChannelImpl.java:936)
at java.net.http/jdk.internal.net.http.PlainHttpConnection.connectAsync(PlainHttpConnection.java:211)
... 34 more
... Removed 34 stack frames]]>
    </failure>
  </testcase> <!-- @BeforeMethod loadDriver -->
  <testcase classname="Selenium.TestSeleniumII" name="@AfterMethod closeBrowser" time="0.0">
    <skipped/>
  </testcase> <!-- @AfterMethod closeBrowser -->
  <testcase classname="Selenium.TestSeleniumII" name="@BeforeMethod loadDriver" time="0.0">
    <skipped/>
  </testcase> <!-- @BeforeMethod loadDriver -->
  <testcase classname="Selenium.TestSeleniumII" name="@AfterMethod closeBrowser" time="0.0">
    <skipped/>
  </testcase> <!-- @AfterMethod closeBrowser -->
  <testcase classname="Selenium.TestSeleniumII" name="@BeforeMethod loadDriver" time="0.0">
    <skipped/>
  </testcase> <!-- @BeforeMethod loadDriver -->
  <testcase classname="Selenium.TestSeleniumII" name="@AfterMethod closeBrowser" time="0.0">
    <skipped/>
  </testcase> <!-- @AfterMethod closeBrowser -->
  <testcase classname="Selenium.TestSeleniumII" name="@BeforeMethod loadDriver" time="0.0">
    <skipped/>
  </testcase> <!-- @BeforeMethod loadDriver -->
  <testcase classname="Selenium.TestSeleniumII" name="@AfterMethod closeBrowser" time="0.0">
    <skipped/>
  </testcase> <!-- @AfterMethod closeBrowser -->
  <testcase classname="Selenium.TestSeleniumII" name="@BeforeMethod loadDriver" time="0.0">
    <skipped/>
  </testcase> <!-- @BeforeMethod loadDriver -->
  <testcase classname="Selenium.TestSeleniumII" name="@AfterMethod closeBrowser" time="0.0">
    <skipped/>
  </testcase> <!-- @AfterMethod closeBrowser -->
  <testcase classname="Selenium.TestSeleniumII" name="@BeforeMethod loadDriver" time="0.0">
    <skipped/>
  </testcase> <!-- @BeforeMethod loadDriver -->
  <testcase classname="Selenium.TestSeleniumII" name="@AfterMethod closeBrowser" time="0.0">
    <skipped/>
  </testcase> <!-- @AfterMethod closeBrowser -->
  <testcase classname="Selenium.TestSelenium" name="ingresarTexto" time="0.0">
    <skipped/>
  </testcase> <!-- ingresarTexto -->
  <testcase classname="Selenium.TestSelenium" name="testBrowser" time="0.0">
    <skipped/>
  </testcase> <!-- testBrowser -->
  <testcase classname="Selenium.TestSelenium" name="testExceptions" time="0.0">
    <skipped/>
  </testcase> <!-- testExceptions -->
  <testcase classname="Selenium.TestSelenium" name="testXPath" time="0.0">
    <skipped/>
  </testcase> <!-- testXPath -->
  <testcase classname="Selenium.TestSeleniumII" name="testAssertion" time="0.0">
    <skipped/>
  </testcase> <!-- testAssertion -->
  <testcase classname="Selenium.TestSeleniumII" name="testExplicito" time="0.0">
    <skipped/>
  </testcase> <!-- testExplicito -->
  <testcase classname="Selenium.TestSeleniumII" name="testIFrame" time="0.0">
    <skipped/>
  </testcase> <!-- testIFrame -->
  <testcase classname="Selenium.TestSeleniumII" name="testImplicito" time="0.0">
    <skipped/>
  </testcase> <!-- testImplicito -->
  <testcase classname="Selenium.TestSeleniumII" name="windowAlert" time="0.0">
    <skipped/>
  </testcase> <!-- windowAlert -->
  <testcase classname="Selenium.TestSeleniumII" name="windowPestaña" time="0.001">
    <skipped/>
  </testcase> <!-- windowPestaña -->
</testsuite> <!-- Surefire test -->
