<?xml version="1.0" encoding="UTF-8"?>
<testsuite xmlns:xsi="http://www.w3.org/2001/XMLSchema-instance" xsi:noNamespaceSchemaLocation="https://maven.apache.org/surefire/maven-surefire-plugin/xsd/surefire-test-report-3.0.xsd" version="3.0" name="TestSuite" time="25.931" tests="10" errors="0" skipped="0" failures="0">
  <properties>
[...]
</properties>
  <testcase name="ingresarTexto" classname="Selenium.TestSelenium" time="2.564">
    <system-err><![CDATA[SLF4J(W): No SLF4J providers were found.
SLF4J(W): Defaulting to no-operation (NOP) logger implementation
SLF4J(W): See https://www.slf4j.org/codes.html#noProviders for further details.
ene 23, 2026 11:56:07 A.M. org.openqa.selenium.devtools.CdpVersionFinder findNearestMatch
ADVERTENCIA: Unable to find an exact match for CDP version 144, returning the closest version; found: 143; Please update to a Selenium version that supports CDP version 144
]]></system-err>
  </testcase>
  <testcase name="testBrowser" classname="Selenium.TestSelenium" time="0.517">
    <system-err><![CDATA[ene 23, 2026 11:56:11 A.M. org.openqa.selenium.devtools.CdpVersionFinder findNearestMatch
ADVERTENCIA: Unable to find an exact match for CDP version 144, returning the closest version; found: 143; Please update to a Selenium version that supports CDP version 144
]]></system-err>
  </testcase>
  <testcase name="testExceptions" classname="Selenium.TestSelenium" time="0.576">
    <system-out><![CDATA[Error - El elemento no fue encontrado no such element: Unable to locate element: {"method":"css selector","selector":"#no\ Existe\ Id"}
  (Session info: chrome=144.0.7559.97)
For documentation on this error, please visit: https://www.selenium.dev/documentation/webdriver/troubleshooting/errors#nosuchelementexception
Build info: version: '4.39.0', revision: '126f156aee'
System info: os.name: 'Mac OS X', os.arch: 'aarch64', os.version: '26.2', java.version: '25.0.1'
Driver info: org.openqa.selenium.chrome.ChromeDriver
Command: [71cc4891445f6648d3811e0453f0a44a, findElement {value=no Existe Id, using=id}]
Capabilities {acceptInsecureCerts: false, browserName: chrome, browserVersion: 144.0.7559.97, chrome: {chromedriverVersion: 144.0.7559.96 (d7b80622cfab..., userDataDir: /var/folders/sv/tgsd27qj6vs...}, fedcm:accounts: true, goog:chromeOptions: {debuggerAddress: localhost:59275}, goog:processID: 63166, networkConnectionEnabled: false, pageLoadStrategy: normal, platformName: mac, proxy: Proxy(), se:cdp: ws://localhost:59275/devtoo..., se:cdpVersion: 144.0.7559.97, setWindowRect: true, strictFileInteractability: false, timeouts: {implicit: 0, pageLoad: 300000, script: 30000}, unhandledPromptBehavior: dismiss and notify, webauthn:extension:credBlob: true, webauthn:extension:largeBlob: true, webauthn:extension:minPinLength: true, webauthn:extension:prf: true, webauthn:virtualAuthenticators: true}
Session ID: 71cc4891445f6648d3811e0453f0a44a
Se completo el manejo de Exceptions
]]></system-out>
    <system-err><![CDATA[ene 23, 2026 11:56:12 A.M. org.openqa.selenium.devtools.CdpVersionFinder findNearestMatch
ADVERTENCIA: Unable to find an exact match for CDP version 144, returning the closest version; found: 143; Please update to a Selenium version that supports CDP version 144
]]></system-err>
  </testcase>
  <testcase name="testXPath" classname="Selenium.TestSelenium" time="0.891">
    <system-err><![CDATA[ene 23, 2026 11:56:14 A.M. org.openqa.selenium.devtools.CdpVersionFinder findNearestMatch
ADVERTENCIA: Unable to find an exact match for CDP version 144, returning the closest version; found: 143; Please update to a Selenium version that supports CDP version 144
]]></system-err>
  </testcase>
  <testcase name="testAssertion" classname="Selenium.TestSeleniumII" time="0.876">
    <system-err><![CDATA[ene 23, 2026 11:56:16 A.M. org.openqa.selenium.devtools.CdpVersionFinder findNearestMatch
ADVERTENCIA: Unable to find an exact match for CDP version 144, returning the closest version; found: 143; Please update to a Selenium version that supports CDP version 144
]]></system-err>
  </testcase>
  <testcase name="testExplicito" classname="Selenium.TestSeleniumII" time="0.621">
    <system-err><![CDATA[ene 23, 2026 11:56:18 A.M. org.openqa.selenium.devtools.CdpVersionFinder findNearestMatch
ADVERTENCIA: Unable to find an exact match for CDP version 144, returning the closest version; found: 143; Please update to a Selenium version that supports CDP version 144
]]></system-err>
  </testcase>
  <testcase name="testIFrame" classname="Selenium.TestSeleniumII" time="1.09">
    <system-err><![CDATA[ene 23, 2026 11:56:20 A.M. org.openqa.selenium.devtools.CdpVersionFinder findNearestMatch
ADVERTENCIA: Unable to find an exact match for CDP version 144, returning the closest version; found: 143; Please update to a Selenium version that supports CDP version 144
]]></system-err>
  </testcase>
  <testcase name="testImplicito" classname="Selenium.TestSeleniumII" time="0.486">
    <system-err><![CDATA[ene 23, 2026 11:56:22 A.M. org.openqa.selenium.devtools.CdpVersionFinder findNearestMatch
ADVERTENCIA: Unable to find an exact match for CDP version 144, returning the closest version; found: 143; Please update to a Selenium version that supports CDP version 144
]]></system-err>
  </testcase>
  <testcase name="windowAlert" classname="Selenium.TestSeleniumII" time="1.933">
    <system-out><![CDATA[Contenido de la alerta: HELLOW
]]></system-out>
    <system-err><![CDATA[ene 23, 2026 11:56:24 A.M. org.openqa.selenium.devtools.CdpVersionFinder findNearestMatch
ADVERTENCIA: Unable to find an exact match for CDP version 144, returning the closest version; found: 143; Please update to a Selenium version that supports CDP version 144
]]></system-err>
  </testcase>
  <testcase name="windowPestaña" classname="Selenium.TestSeleniumII" time="1.573">
    <system-out><![CDATA[93EE136505594D0ADF02F79ECAD3516A
1070D11DBD2F9E6EDB30134915C419AC
]]></system-out>
    <system-err><![CDATA[ene 23, 2026 11:56:27 A.M. org.openqa.selenium.devtools.CdpVersionFinder findNearestMatch
ADVERTENCIA: Unable to find an exact match for CDP version 144, returning the closest version; found: 143; Please update to a Selenium version that supports CDP version 144
]]></system-err>
  </testcase>
</testsuite>