<?xml version="1.0" encoding="UTF-8"?>
<testng-results ignored="0" total="10" passed="10" failed="0" skipped="0">
  <reporter-output>
  </reporter-output>
  <suite started-at="2026-01-23T11:56:03 CST" name="Surefire suite" finished-at="2026-01-23T11:56:29 CST" duration-ms="25734">
    <groups>
    </groups>
    <test started-at="2026-01-23T11:56:03 CST" name="Surefire test" finished-at="2026-01-23T11:56:29 CST" duration-ms="25734">
      <class name="Selenium.TestSeleniumII">
        <test-method is-config="true" signature="loadDriver()[pri:0, instance:Selenium.TestSeleniumII@6107227e]" started-at="2026-01-23T11:56:15 CST" name="loadDriver" finished-at="2026-01-23T11:56:16 CST" duration-ms="925" status="PASS">
          <reporter-output>
          </reporter-output>
        </test-method> <!-- loadDriver -->
        <test-method signature="testAssertion()[pri:0, instance:Selenium.TestSeleniumII@6107227e]" started-at="2026-01-23T11:56:16 CST" name="testAssertion" finished-at="2026-01-23T11:56:17 CST" duration-ms="886" status="PASS">
          <reporter-output>
          </reporter-output>
        </test-method> <!-- testAssertion -->
        <test-method is-config="true" signature="closeBrowser()[pri:0, instance:Selenium.TestSeleniumII@6107227e]" started-at="2026-01-23T11:56:17 CST" name="closeBrowser" finished-at="2026-01-23T11:56:17 CST" duration-ms="119" status="PASS">
          <reporter-output>
          </reporter-output>
        </test-method> <!-- closeBrowser -->
        <test-method is-config="true" signature="loadDriver()[pri:0, instance:Selenium.TestSeleniumII@6107227e]" started-at="2026-01-23T11:56:17 CST" name="loadDriver" finished-at="2026-01-23T11:56:18 CST" duration-ms="1154" status="PASS">
          <reporter-output>
          </reporter-output>
        </test-method> <!-- loadDriver -->
        <test-method signature="testExplicito()[pri:0, instance:Selenium.TestSeleniumII@6107227e]" started-at="2026-01-23T11:56:18 CST" name="testExplicito" finished-at="2026-01-23T11:56:19 CST" duration-ms="624" status="PASS">
          <reporter-output>
          </reporter-output>
        </test-method> <!-- testExplicito -->
        <test-method is-config="true" signature="closeBrowser()[pri:0, instance:Selenium.TestSeleniumII@6107227e]" started-at="2026-01-23T11:56:19 CST" name="closeBrowser" finished-at="2026-01-23T11:56:19 CST" duration-ms="92" status="PASS">
          <reporter-output>
          </reporter-output>
        </test-method> <!-- closeBrowser -->
        <test-method is-config="true" signature="loadDriver()[pri:0, instance:Selenium.TestSeleniumII@6107227e]" started-at="2026-01-23T11:56:19 CST" name="loadDriver" finished-at="2026-01-23T11:56:20 CST" duration-ms="980" status="PASS">
          <reporter-output>
          </reporter-output>
        </test-method> <!-- loadDriver -->
        <test-method signature="testIFrame()[pri:0, instance:Selenium.TestSeleniumII@6107227e]" started-at="2026-01-23T11:56:20 CST" name="testIFrame" finished-at="2026-01-23T11:56:21 CST" duration-ms="1095" status="PASS">
          <reporter-output>
          </reporter-output>
        </test-method> <!-- testIFrame -->
        <test-method is-config="true" signature="closeBrowser()[pri:0, instance:Selenium.TestSeleniumII@6107227e]" started-at="2026-01-23T11:56:21 CST" name="closeBrowser" finished-at="2026-01-23T11:56:21 CST" duration-ms="103" status="PASS">
          <reporter-output>
          </reporter-output>
        </test-method> <!-- closeBrowser -->
        <test-method is-config="true" signature="loadDriver()[pri:0, instance:Selenium.TestSeleniumII@6107227e]" started-at="2026-01-23T11:56:21 CST" name="loadDriver" finished-at="2026-01-23T11:56:22 CST" duration-ms="998" status="PASS">
          <reporter-output>
          </reporter-output>
        </test-method> <!-- loadDriver -->
        <test-method signature="testImplicito()[pri:0, instance:Selenium.TestSeleniumII@6107227e]" started-at="2026-01-23T11:56:22 CST" name="testImplicito" finished-at="2026-01-23T11:56:22 CST" duration-ms="487" status="PASS">
          <reporter-output>
          </reporter-output>
        </test-method> <!-- testImplicito -->
        <test-method is-config="true" signature="closeBrowser()[pri:0, instance:Selenium.TestSeleniumII@6107227e]" started-at="2026-01-23T11:56:22 CST" name="closeBrowser" finished-at="2026-01-23T11:56:23 CST" duration-ms="143" status="PASS">
          <reporter-output>
          </reporter-output>
        </test-method> <!-- closeBrowser -->
        <test-method is-config="true" signature="loadDriver()[pri:0, instance:Selenium.TestSeleniumII@6107227e]" started-at="2026-01-23T11:56:23 CST" name="loadDriver" finished-at="2026-01-23T11:56:24 CST" duration-ms="1077" status="PASS">
          <reporter-output>
          </reporter-output>
        </test-method> <!-- loadDriver -->
        <test-method signature="windowAlert()[pri:0, instance:Selenium.TestSeleniumII@6107227e]" started-at="2026-01-23T11:56:24 CST" name="windowAlert" finished-at="2026-01-23T11:56:26 CST" duration-ms="1945" status="PASS">
          <reporter-output>
          </reporter-output>
        </test-method> <!-- windowAlert -->
        <test-method is-config="true" signature="closeBrowser()[pri:0, instance:Selenium.TestSeleniumII@6107227e]" started-at="2026-01-23T11:56:26 CST" name="closeBrowser" finished-at="2026-01-23T11:56:26 CST" duration-ms="133" status="PASS">
          <reporter-output>
          </reporter-output>
        </test-method> <!-- closeBrowser -->
        <test-method is-config="true" signature="loadDriver()[pri:0, instance:Selenium.TestSeleniumII@6107227e]" started-at="2026-01-23T11:56:26 CST" name="loadDriver" finished-at="2026-01-23T11:56:27 CST" duration-ms="1181" status="PASS">
          <reporter-output>
          </reporter-output>
        </test-method> <!-- loadDriver -->
        <test-method signature="windowPestaña()[pri:0, instance:Selenium.TestSeleniumII@6107227e]" started-at="2026-01-23T11:56:27 CST" name="windowPestaña" finished-at="2026-01-23T11:56:28 CST" duration-ms="1573" status="PASS">
          <reporter-output>
          </reporter-output>
        </test-method> <!-- windowPestaña -->
        <test-method is-config="true" signature="closeBrowser()[pri:0, instance:Selenium.TestSeleniumII@6107227e]" started-at="2026-01-23T11:56:28 CST" name="closeBrowser" finished-at="2026-01-23T11:56:29 CST" duration-ms="123" status="PASS">
          <reporter-output>
          </reporter-output>
        </test-method> <!-- closeBrowser -->
      </class> <!-- Selenium.TestSeleniumII -->
      <class name="Selenium.TestSelenium">
        <test-method is-config="true" signature="loadDriver()[pri:0, instance:Selenium.TestSelenium@12d3a4e9]" started-at="2026-01-23T11:56:03 CST" name="loadDriver" finished-at="2026-01-23T11:56:07 CST" duration-ms="3833" status="PASS">
          <reporter-output>
          </reporter-output>
        </test-method> <!-- loadDriver -->
        <test-method signature="ingresarTexto()[pri:0, instance:Selenium.TestSelenium@12d3a4e9]" started-at="2026-01-23T11:56:07 CST" name="ingresarTexto" finished-at="2026-01-23T11:56:09 CST" duration-ms="2557" status="PASS">
          <reporter-output>
          </reporter-output>
        </test-method> <!-- ingresarTexto -->
        <test-method is-config="true" signature="closeBrowser()[pri:0, instance:Selenium.TestSelenium@12d3a4e9]" started-at="2026-01-23T11:56:09 CST" name="closeBrowser" finished-at="2026-01-23T11:56:09 CST" duration-ms="164" status="PASS">
          <reporter-output>
          </reporter-output>
        </test-method> <!-- closeBrowser -->
        <test-method is-config="true" signature="loadDriver()[pri:0, instance:Selenium.TestSelenium@12d3a4e9]" started-at="2026-01-23T11:56:09 CST" name="loadDriver" finished-at="2026-01-23T11:56:11 CST" duration-ms="1380" status="PASS">
          <reporter-output>
          </reporter-output>
        </test-method> <!-- loadDriver -->
        <test-method signature="testBrowser()[pri:0, instance:Selenium.TestSelenium@12d3a4e9]" started-at="2026-01-23T11:56:11 CST" name="testBrowser" finished-at="2026-01-23T11:56:11 CST" duration-ms="521" status="PASS">
          <reporter-output>
          </reporter-output>
        </test-method> <!-- testBrowser -->
        <test-method is-config="true" signature="closeBrowser()[pri:0, instance:Selenium.TestSelenium@12d3a4e9]" started-at="2026-01-23T11:56:11 CST" name="closeBrowser" finished-at="2026-01-23T11:56:11 CST" duration-ms="99" status="PASS">
          <reporter-output>
          </reporter-output>
        </test-method> <!-- closeBrowser -->
        <test-method is-config="true" signature="loadDriver()[pri:0, instance:Selenium.TestSelenium@12d3a4e9]" started-at="2026-01-23T11:56:11 CST" name="loadDriver" finished-at="2026-01-23T11:56:12 CST" duration-ms="765" status="PASS">
          <reporter-output>
          </reporter-output>
        </test-method> <!-- loadDriver -->
        <test-method signature="testExceptions()[pri:0, instance:Selenium.TestSelenium@12d3a4e9]" started-at="2026-01-23T11:56:12 CST" name="testExceptions" finished-at="2026-01-23T11:56:13 CST" duration-ms="570" status="PASS">
          <reporter-output>
          </reporter-output>
        </test-method> <!-- testExceptions -->
        <test-method is-config="true" signature="closeBrowser()[pri:0, instance:Selenium.TestSelenium@12d3a4e9]" started-at="2026-01-23T11:56:13 CST" name="closeBrowser" finished-at="2026-01-23T11:56:13 CST" duration-ms="101" status="PASS">
          <reporter-output>
          </reporter-output>
        </test-method> <!-- closeBrowser -->
        <test-method is-config="true" signature="loadDriver()[pri:0, instance:Selenium.TestSelenium@12d3a4e9]" started-at="2026-01-23T11:56:13 CST" name="loadDriver" finished-at="2026-01-23T11:56:14 CST" duration-ms="1021" status="PASS">
          <reporter-output>
          </reporter-output>
        </test-method> <!-- loadDriver -->
        <test-method signature="testXPath()[pri:0, instance:Selenium.TestSelenium@12d3a4e9]" started-at="2026-01-23T11:56:14 CST" name="testXPath" finished-at="2026-01-23T11:56:15 CST" duration-ms="880" status="PASS">
          <reporter-output>
          </reporter-output>
        </test-method> <!-- testXPath -->
        <test-method is-config="true" signature="closeBrowser()[pri:0, instance:Selenium.TestSelenium@12d3a4e9]" started-at="2026-01-23T11:56:15 CST" name="closeBrowser" finished-at="2026-01-23T11:56:15 CST" duration-ms="151" status="PASS">
          <reporter-output>
          </reporter-output>
        </test-method> <!-- closeBrowser -->
      </class> <!-- Selenium.TestSelenium -->
    </test> <!-- Surefire test -->
  </suite> <!-- Surefire suite -->
</testng-results>
