<?xml version="1.0" encoding="UTF-8"?>
<!-- Generated by org.testng.reporters.JUnitReportReporter -->
<testsuite hostname="MacBook-Air-de-EDGAR.local" failures="0" tests="4" name="Selenium.TestSelenium" time="12.042" errors="0" timestamp="2026-01-23T11:56:29 CST" skipped="0">
  <testcase classname="Selenium.TestSelenium" name="ingresarTexto" time="3.742"/>
  <testcase classname="Selenium.TestSelenium" name="testXPath" time="4.814"/>
  <testcase classname="Selenium.TestSelenium" name="testBrowser" time="2.000"/>
  <testcase classname="Selenium.TestSelenium" name="testExceptions" time="1.486"/>
</testsuite> <!-- Selenium.TestSelenium -->
