<?xml version="1.0" encoding="UTF-8"?>
<!-- Generated by org.testng.reporters.JUnitReportReporter -->
<testsuite hostname="MacBook-Air-de-EDGAR.local" failures="0" tests="6" name="Selenium.TestSeleniumII" time="13.638" errors="0" timestamp="2026-01-23T11:56:29 CST" skipped="0">
  <testcase classname="Selenium.TestSeleniumII" name="testImplicito" time="1.588"/>
  <testcase classname="Selenium.TestSeleniumII" name="windowAlert" time="3.165"/>
  <testcase classname="Selenium.TestSeleniumII" name="testAssertion" time="1.930"/>
  <testcase classname="Selenium.TestSeleniumII" name="testExplicito" time="1.696"/>
  <testcase classname="Selenium.TestSeleniumII" name="testIFrame" time="2.382"/>
  <testcase classname="Selenium.TestSeleniumII" name="windowPestaña" time="2.877"/>
</testsuite> <!-- Selenium.TestSeleniumII -->
